# JRE version: OpenJDK Runtime Environment (11.0.11+9) (build 11.0.11+9-b60-7590822)
# Java VM: OpenJDK 64-Bit Server VM (11.0.11+9-b60-7590822, mixed mode, tiered, compressed oops, g1 gc, windows-amd64)
Heap:
 garbage-first heap   total 359424K, used 144778K [0x0000000080000000, 0x0000000100000000)
  region size 1024K, 17 young (17408K), 8 survivors (8192K)
 Metaspace       used 135671K, capacity 140251K, committed 141192K, reserved 1171456K
  class space    used 16860K, capacity 18569K, committed 18752K, reserved 1048576K
GC Heap History (20 events):
Event: 2187.466 GC heap before
{Heap before GC invocations=123 (full 0):
 garbage-first heap   total 262144K, used 204513K [0x0000000080000000, 0x0000000100000000)
  region size 1024K, 52 young (53248K), 6 survivors (6144K)
 Metaspace       used 133641K, capacity 137485K, committed 141192K, reserved 1171456K
  class space    used 16600K, capacity 18092K, committed 18752K, reserved 1048576K
}
Event: 2187.476 GC heap after
{Heap after GC invocations=124 (full 0):
 garbage-first heap   total 262144K, used 148587K [0x0000000080000000, 0x0000000100000000)
  region size 1024K, 7 young (7168K), 7 survivors (7168K)
 Metaspace       used 133641K, capacity 137485K, committed 141192K, reserved 1171456K
  class space    used 16600K, capacity 18092K, committed 18752K, reserved 1048576K
}
Event: 2187.537 GC heap before
{Heap before GC invocations=124 (full 0):
 garbage-first heap   total 262144K, used 152683K [0x0000000080000000, 0x0000000100000000)
  region size 1024K, 12 young (12288K), 7 survivors (7168K)
 Metaspace       used 133650K, capacity 137486K, committed 141192K, reserved 1171456K
  class space    used 16600K, capacity 18092K, committed 18752K, reserved 1048576K
}
Event: 2187.548 GC heap after
{Heap after GC invocations=125 (full 0):
 garbage-first heap   total 262144K, used 140989K [0x0000000080000000, 0x0000000100000000)
  region size 1024K, 2 young (2048K), 2 survivors (2048K)
 Metaspace       used 133650K, capacity 137486K, committed 141192K, reserved 1171456K
  class space    used 16600K, capacity 18092K, committed 18752K, reserved 1048576K
}
Event: 2189.275 GC heap before
{Heap before GC invocations=125 (full 0):
 garbage-first heap   total 262144K, used 191165K [0x0000000080000000, 0x0000000100000000)
  region size 1024K, 52 young (53248K), 2 survivors (2048K)
 Metaspace       used 133696K, capacity 137550K, committed 141192K, reserved 1171456K
  class space    used 16600K, capacity 18092K, committed 18752K, reserved 1048576K
}
Event: 2189.284 GC heap after
{Heap after GC invocations=126 (full 0):
 garbage-first heap   total 262144K, used 142676K [0x0000000080000000, 0x0000000100000000)
  region size 1024K, 4 young (4096K), 4 survivors (4096K)
 Metaspace       used 133696K, capacity 137550K, committed 141192K, reserved 1171456K
  class space    used 16600K, capacity 18092K, committed 18752K, reserved 1048576K
}
Event: 2189.824 GC heap before
{Heap before GC invocations=127 (full 0):
 garbage-first heap   total 262144K, used 185684K [0x0000000080000000, 0x0000000100000000)
  region size 1024K, 57 young (58368K), 4 survivors (4096K)
 Metaspace       used 133905K, capacity 137815K, committed 141192K, reserved 1171456K
  class space    used 16602K, capacity 18092K, committed 18752K, reserved 1048576K
}
Event: 2189.833 GC heap after
{Heap after GC invocations=128 (full 0):
 garbage-first heap   total 262144K, used 134865K [0x0000000080000000, 0x0000000100000000)
  region size 1024K, 8 young (8192K), 8 survivors (8192K)
 Metaspace       used 133905K, capacity 137815K, committed 141192K, reserved 1171456K
  class space    used 16602K, capacity 18092K, committed 18752K, reserved 1048576K
}
Event: 2189.873 GC heap before
{Heap before GC invocations=128 (full 0):
 garbage-first heap   total 262144K, used 137937K [0x0000000080000000, 0x0000000100000000)
  region size 1024K, 12 young (12288K), 8 survivors (8192K)
 Metaspace       used 133971K, capacity 137886K, committed 141192K, reserved 1171456K
  class space    used 16602K, capacity 18092K, committed 18752K, reserved 1048576K
}
Event: 2189.893 GC heap after
{Heap after GC invocations=129 (full 0):
 garbage-first heap   total 262144K, used 127171K [0x0000000080000000, 0x0000000100000000)
  region size 1024K, 2 young (2048K), 2 survivors (2048K)
 Metaspace       used 133971K, capacity 137886K, committed 141192K, reserved 1171456K
  class space    used 16602K, capacity 18092K, committed 18752K, reserved 1048576K
}
Event: 2189.918 GC heap before
{Heap before GC invocations=129 (full 0):
 garbage-first heap   total 262144K, used 129219K [0x0000000080000000, 0x0000000100000000)
  region size 1024K, 5 young (5120K), 2 survivors (2048K)
 Metaspace       used 133977K, capacity 137886K, committed 141192K, reserved 1171456K
  class space    used 16602K, capacity 18092K, committed 18752K, reserved 1048576K
}
Event: 2189.929 GC heap after
{Heap after GC invocations=130 (full 0):
 garbage-first heap   total 262144K, used 126726K [0x0000000080000000, 0x0000000100000000)
  region size 1024K, 2 young (2048K), 2 survivors (2048K)
 Metaspace       used 133977K, capacity 137886K, committed 141192K, reserved 1171456K
  class space    used 16602K, capacity 18092K, committed 18752K, reserved 1048576K
}
Event: 2190.241 GC heap before
{Heap before GC invocations=131 (full 0):
 garbage-first heap   total 262144K, used 148230K [0x0000000080000000, 0x0000000100000000)
  region size 1024K, 24 young (24576K), 2 survivors (2048K)
 Metaspace       used 134052K, capacity 138022K, committed 141192K, reserved 1171456K
  class space    used 16602K, capacity 18092K, committed 18752K, reserved 1048576K
}
Event: 2190.262 GC heap after
{Heap after GC invocations=132 (full 0):
 garbage-first heap   total 262144K, used 131985K [0x0000000080000000, 0x0000000100000000)
  region size 1024K, 7 young (7168K), 7 survivors (7168K)
 Metaspace       used 134052K, capacity 138022K, committed 141192K, reserved 1171456K
  class space    used 16602K, capacity 18092K, committed 18752K, reserved 1048576K
}
Event: 2200.703 GC heap before
{Heap before GC invocations=133 (full 0):
 garbage-first heap   total 262144K, used 193088K [0x0000000080000000, 0x0000000100000000)
  region size 1024K, 59 young (60416K), 7 survivors (7168K)
 Metaspace       used 134131K, capacity 138105K, committed 141192K, reserved 1171456K
  class space    used 16604K, capacity 18096K, committed 18752K, reserved 1048576K
}
Event: 2200.714 GC heap after
{Heap after GC invocations=134 (full 0):
 garbage-first heap   total 359424K, used 129594K [0x0000000080000000, 0x0000000100000000)
  region size 1024K, 5 young (5120K), 5 survivors (5120K)
 Metaspace       used 134131K, capacity 138105K, committed 141192K, reserved 1171456K
  class space    used 16604K, capacity 18096K, committed 18752K, reserved 1048576K
}
Event: 2200.947 GC heap before
{Heap before GC invocations=134 (full 0):
 garbage-first heap   total 359424K, used 141882K [0x0000000080000000, 0x0000000100000000)
  region size 1024K, 17 young (17408K), 5 survivors (5120K)
 Metaspace       used 134171K, capacity 138110K, committed 141192K, reserved 1171456K
  class space    used 16604K, capacity 18096K, committed 18752K, reserved 1048576K
}
Event: 2200.955 GC heap after
{Heap after GC invocations=135 (full 0):
 garbage-first heap   total 359424K, used 130790K [0x0000000080000000, 0x0000000100000000)
  region size 1024K, 2 young (2048K), 2 survivors (2048K)
 Metaspace       used 134171K, capacity 138110K, committed 141192K, reserved 1171456K
  class space    used 16604K, capacity 18096K, committed 18752K, reserved 1048576K
}
Event: 2305.046 GC heap before
{Heap before GC invocations=135 (full 0):
 garbage-first heap   total 359424K, used 243430K [0x0000000080000000, 0x0000000100000000)
  region size 1024K, 113 young (115712K), 2 survivors (2048K)
 Metaspace       used 135645K, capacity 140217K, committed 141192K, reserved 1171456K
  class space    used 16855K, capacity 18558K, committed 18752K, reserved 1048576K
}
Event: 2305.066 GC heap after
{Heap after GC invocations=136 (full 0):
 garbage-first heap   total 359424K, used 136586K [0x0000000080000000, 0x0000000100000000)
  region size 1024K, 8 young (8192K), 8 survivors (8192K)
 Metaspace       used 135645K, capacity 140217K, committed 141192K, reserved 1171456K
  class space    used 16855K, capacity 18558K, committed 18752K, reserved 1048576K
}

